Determining if the pthread_create exist failed with the following output:
Change Dir: /home/mfk/entw-uni/IA/project/ia13project/gm_module/CMakeFiles/CMakeTmp

Run Build Command:/usr/bin/make "cmTryCompileExec4080436818/fast"
/usr/bin/make -f CMakeFiles/cmTryCompileExec4080436818.dir/build.make CMakeFiles/cmTryCompileExec4080436818.dir/build
make[1]: Entering directory `/home/mfk/entw-uni/IA/project/ia13project/gm_module/CMakeFiles/CMakeTmp'
/usr/bin/cmake -E cmake_progress_report /home/mfk/entw-uni/IA/project/ia13project/gm_module/CMakeFiles/CMakeTmp/CMakeFiles 1
Building C object CMakeFiles/cmTryCompileExec4080436818.dir/CheckSymbolExists.c.o
/usr/bin/cc    -o CMakeFiles/cmTryCompileExec4080436818.dir/CheckSymbolExists.c.o   -c /home/mfk/entw-uni/IA/project/ia13project/gm_module/CMakeFiles/CMakeTmp/CheckSymbolExists.c
Linking C executable cmTryCompileExec4080436818
/usr/bin/cmake -E cmake_link_script CMakeFiles/cmTryCompileExec4080436818.dir/link.txt --verbose=1
/usr/bin/cc         CMakeFiles/cmTryCompileExec4080436818.dir/CheckSymbolExists.c.o  -o cmTryCompileExec4080436818 -rdynamic 
CMakeFiles/cmTryCompileExec4080436818.dir/CheckSymbolExists.c.o: In function `main':
CheckSymbolExists.c:(.text+0x16): undefined reference to `pthread_create'
collect2: error: ld returned 1 exit status
make[1]: *** [cmTryCompileExec4080436818] Error 1
make[1]: Leaving directory `/home/mfk/entw-uni/IA/project/ia13project/gm_module/CMakeFiles/CMakeTmp'
make: *** [cmTryCompileExec4080436818/fast] Error 2

File /home/mfk/entw-uni/IA/project/ia13project/gm_module/CMakeFiles/CMakeTmp/CheckSymbolExists.c:
/* */
#include <pthread.h>

int main(int argc, char** argv)
{
  (void)argv;
#ifndef pthread_create
  return ((int*)(&pthread_create))[argc];
#else
  (void)argc;
  return 0;
#endif
}

Determining if the function pthread_create exists in the pthreads failed with the following output:
Change Dir: /home/mfk/entw-uni/IA/project/ia13project/gm_module/CMakeFiles/CMakeTmp

Run Build Command:/usr/bin/make "cmTryCompileExec376413620/fast"
/usr/bin/make -f CMakeFiles/cmTryCompileExec376413620.dir/build.make CMakeFiles/cmTryCompileExec376413620.dir/build
make[1]: Entering directory `/home/mfk/entw-uni/IA/project/ia13project/gm_module/CMakeFiles/CMakeTmp'
/usr/bin/cmake -E cmake_progress_report /home/mfk/entw-uni/IA/project/ia13project/gm_module/CMakeFiles/CMakeTmp/CMakeFiles 1
Building C object CMakeFiles/cmTryCompileExec376413620.dir/CheckFunctionExists.c.o
/usr/bin/cc   -DCHECK_FUNCTION_EXISTS=pthread_create   -o CMakeFiles/cmTryCompileExec376413620.dir/CheckFunctionExists.c.o   -c /usr/share/cmake-2.8/Modules/CheckFunctionExists.c
Linking C executable cmTryCompileExec376413620
/usr/bin/cmake -E cmake_link_script CMakeFiles/cmTryCompileExec376413620.dir/link.txt --verbose=1
/usr/bin/cc     -DCHECK_FUNCTION_EXISTS=pthread_create    CMakeFiles/cmTryCompileExec376413620.dir/CheckFunctionExists.c.o  -o cmTryCompileExec376413620 -rdynamic -lpthreads 
/usr/bin/ld: cannot find -lpthreads
collect2: error: ld returned 1 exit status
make[1]: *** [cmTryCompileExec376413620] Error 1
make[1]: Leaving directory `/home/mfk/entw-uni/IA/project/ia13project/gm_module/CMakeFiles/CMakeTmp'
make: *** [cmTryCompileExec376413620/fast] Error 2


